Arguments: 
  C:\Users\Desenvolvedor\Documents\Proj\node.exe C:\Users\Desenvolvedor\AppData\Roaming\npm\node_modules\yarn\bin\yarn.js add react-navegation-animated-switch

PATH: 
  C:\Users\Desenvolvedor\bin;C:\Users\Desenvolvedor\Documents\Git\mingw64\bin;C:\Users\Desenvolvedor\Documents\Git\usr\local\bin;C:\Users\Desenvolvedor\Documents\Git\usr\bin;C:\Users\Desenvolvedor\Documents\Git\usr\bin;C:\Users\Desenvolvedor\Documents\Git\mingw64\bin;C:\Users\Desenvolvedor\Documents\Git\usr\bin;C:\Users\Desenvolvedor\bin;C:\Python310\Scripts;C:\Python310;C:\Python39\Scripts;C:\Python39;C:\WINDOWS\system32;C:\WINDOWS;C:\WINDOWS\System32\Wbem;C:\WINDOWS\System32\WindowsPowerShell\v1.0;C:\WINDOWS\System32\OpenSSH;C:\ProgramData\chocolatey\bin;C:\Apache24\bin;C:\Users\Desenvolvedor\Documents\Back\wamp64\bin\php\php7.4.9;C:\Program Files (x86)\NVIDIA Corporation\PhysX\Common;C:\Users\Desenvolvedor\Documents\Proj;C:\Users\Desenvolvedor\Documents\Web\xampp\phpMyAdmin\php;C:\Users\Desenvolvedor\Documents\Git\cmd;C:\Program Files\dotnet;C:\Users\Desenvolvedor\AppData\Local\Microsoft\WindowsApps;D:\Microsoft VS Code\bin;C:\Users\Desenvolvedor\Documents\Code\Microsoft VS Code\bin;C:\Users\Desenvolvedor\AppData\Roaming\npm;C:\Users\Desenvolvedor\Documents\Git\usr\bin\vendor_perl;C:\Users\Desenvolvedor\Documents\Git\usr\bin\core_perl

Yarn version: 
  1.22.19

Node version: 
  16.13.2

Platform: 
  win32 x64

Trace: 
  Error: https://registry.yarnpkg.com/react-navegation-animated-switch: Not found
      at Request.params.callback [as _callback] (C:\Users\Desenvolvedor\AppData\Roaming\npm\node_modules\yarn\lib\cli.js:66145:18)
      at Request.self.callback (C:\Users\Desenvolvedor\AppData\Roaming\npm\node_modules\yarn\lib\cli.js:140890:22)
      at Request.emit (node:events:390:28)
      at Request.<anonymous> (C:\Users\Desenvolvedor\AppData\Roaming\npm\node_modules\yarn\lib\cli.js:141862:10)
      at Request.emit (node:events:390:28)
      at IncomingMessage.<anonymous> (C:\Users\Desenvolvedor\AppData\Roaming\npm\node_modules\yarn\lib\cli.js:141784:12)
      at Object.onceWrapper (node:events:509:28)
      at IncomingMessage.emit (node:events:402:35)
      at endReadableNT (node:internal/streams/readable:1343:12)
      at processTicksAndRejections (node:internal/process/task_queues:83:21)

npm manifest: 
  {
    "name": "webfit",
    "version": "1.0.0",
    "main": "node_modules/expo/AppEntry.js",
    "scripts": {
      "start": "expo start",
      "android": "expo start --android",
      "ios": "expo start --ios",
      "web": "expo start --web"
    },
    "dependencies": {
      "expo": "~46.0.16",
      "expo-status-bar": "~1.4.0",
      "react": "18.0.0",
      "react-native": "0.69.6",
      "react-native-reanimated": "^2.12.0",
      "react-native-safe-area-context": "^4.4.1",
      "react-navigation-animated-switch": "^0.6.5"
    },
    "devDependencies": {
      "@babel/core": "^7.12.9"
    },
    "private": true
  }

yarn manifest: 
  No manifest

Lockfile: 
  No lockfile
